[2017-06-13T14:26:20,145][ERROR][o.e.b.Bootstrap          ] Exception
java.lang.IllegalStateException: plugins directory [E:\elasticsearch-5.4.1\core\src\main\plugins] not found
	at org.elasticsearch.bootstrap.Spawner.spawnNativePluginControllers(Spawner.java:72) ~[1/:?]
	at org.elasticsearch.bootstrap.Bootstrap.setup(Bootstrap.java:167) ~[1/:?]
	at org.elasticsearch.bootstrap.Bootstrap.init(Bootstrap.java:350) [1/:?]
	at org.elasticsearch.bootstrap.Elasticsearch.init(Elasticsearch.java:123) [1/:?]
	at org.elasticsearch.bootstrap.Elasticsearch.execute(Elasticsearch.java:114) [1/:?]
	at org.elasticsearch.cli.EnvironmentAwareCommand.execute(EnvironmentAwareCommand.java:67) [1/:?]
	at org.elasticsearch.cli.Command.mainWithoutErrorHandling(Command.java:122) [1/:?]
	at org.elasticsearch.cli.Command.main(Command.java:88) [1/:?]
	at org.elasticsearch.bootstrap.Elasticsearch.main(Elasticsearch.java:91) [1/:?]
	at org.elasticsearch.bootstrap.Elasticsearch.main(Elasticsearch.java:84) [1/:?]
[2017-06-13T14:26:20,161][WARN ][o.e.b.ElasticsearchUncaughtExceptionHandler] [] uncaught exception in thread [main]
org.elasticsearch.bootstrap.StartupException: java.lang.IllegalStateException: plugins directory [E:\elasticsearch-5.4.1\core\src\main\plugins] not found
	at org.elasticsearch.bootstrap.Elasticsearch.init(Elasticsearch.java:127) ~[1/:?]
	at org.elasticsearch.bootstrap.Elasticsearch.execute(Elasticsearch.java:114) ~[1/:?]
	at org.elasticsearch.cli.EnvironmentAwareCommand.execute(EnvironmentAwareCommand.java:67) ~[1/:?]
	at org.elasticsearch.cli.Command.mainWithoutErrorHandling(Command.java:122) ~[1/:?]
	at org.elasticsearch.cli.Command.main(Command.java:88) ~[1/:?]
	at org.elasticsearch.bootstrap.Elasticsearch.main(Elasticsearch.java:91) ~[1/:?]
	at org.elasticsearch.bootstrap.Elasticsearch.main(Elasticsearch.java:84) ~[1/:?]
Caused by: java.lang.IllegalStateException: plugins directory [E:\elasticsearch-5.4.1\core\src\main\plugins] not found
	at org.elasticsearch.bootstrap.Spawner.spawnNativePluginControllers(Spawner.java:72) ~[1/:?]
	at org.elasticsearch.bootstrap.Bootstrap.setup(Bootstrap.java:167) ~[1/:?]
	at org.elasticsearch.bootstrap.Bootstrap.init(Bootstrap.java:350) ~[1/:?]
	at org.elasticsearch.bootstrap.Elasticsearch.init(Elasticsearch.java:123) ~[1/:?]
	... 6 more
[2017-06-13T14:30:36,838][WARN ][o.e.b.ElasticsearchUncaughtExceptionHandler] [] uncaught exception in thread [main]
org.elasticsearch.bootstrap.StartupException: org.elasticsearch.bootstrap.BootstrapException: java.nio.file.NoSuchFileException: E:\elasticsearch-5.4.1\core\src\main\plugins\analysis-icu\plugin-descriptor.properties
	at org.elasticsearch.bootstrap.Elasticsearch.init(Elasticsearch.java:127) ~[1/:?]
	at org.elasticsearch.bootstrap.Elasticsearch.execute(Elasticsearch.java:114) ~[1/:?]
	at org.elasticsearch.cli.EnvironmentAwareCommand.execute(EnvironmentAwareCommand.java:67) ~[1/:?]
	at org.elasticsearch.cli.Command.mainWithoutErrorHandling(Command.java:122) ~[1/:?]
	at org.elasticsearch.cli.Command.main(Command.java:88) ~[1/:?]
	at org.elasticsearch.bootstrap.Elasticsearch.main(Elasticsearch.java:91) ~[1/:?]
	at org.elasticsearch.bootstrap.Elasticsearch.main(Elasticsearch.java:84) ~[1/:?]
Caused by: org.elasticsearch.bootstrap.BootstrapException: java.nio.file.NoSuchFileException: E:\elasticsearch-5.4.1\core\src\main\plugins\analysis-icu\plugin-descriptor.properties
	at org.elasticsearch.bootstrap.Bootstrap.setup(Bootstrap.java:169) ~[1/:?]
	at org.elasticsearch.bootstrap.Bootstrap.init(Bootstrap.java:350) ~[1/:?]
	at org.elasticsearch.bootstrap.Elasticsearch.init(Elasticsearch.java:123) ~[1/:?]
	... 6 more
Caused by: java.nio.file.NoSuchFileException: E:\elasticsearch-5.4.1\core\src\main\plugins\analysis-icu\plugin-descriptor.properties
	at sun.nio.fs.WindowsException.translateToIOException(WindowsException.java:79) ~[?:1.8.0_121]
	at sun.nio.fs.WindowsException.rethrowAsIOException(WindowsException.java:97) ~[?:1.8.0_121]
	at sun.nio.fs.WindowsException.rethrowAsIOException(WindowsException.java:102) ~[?:1.8.0_121]
	at sun.nio.fs.WindowsFileSystemProvider.newByteChannel(WindowsFileSystemProvider.java:230) ~[?:1.8.0_121]
	at java.nio.file.Files.newByteChannel(Files.java:361) ~[?:1.8.0_121]
	at java.nio.file.Files.newByteChannel(Files.java:407) ~[?:1.8.0_121]
	at java.nio.file.spi.FileSystemProvider.newInputStream(FileSystemProvider.java:384) ~[?:1.8.0_121]
	at java.nio.file.Files.newInputStream(Files.java:152) ~[?:1.8.0_121]
	at org.elasticsearch.plugins.PluginInfo.readFromProperties(PluginInfo.java:114) ~[1/:?]
	at org.elasticsearch.bootstrap.Spawner.spawnNativePluginControllers(Spawner.java:86) ~[1/:?]
	at org.elasticsearch.bootstrap.Bootstrap.setup(Bootstrap.java:167) ~[1/:?]
	at org.elasticsearch.bootstrap.Bootstrap.init(Bootstrap.java:350) ~[1/:?]
	at org.elasticsearch.bootstrap.Elasticsearch.init(Elasticsearch.java:123) ~[1/:?]
	... 6 more
[2017-06-13T14:46:00,660][ERROR][o.e.b.Bootstrap          ] Exception
java.lang.IllegalStateException: plugins directory [E:\elasticsearch-5.4.1\core\src\main\plugins] not found
	at org.elasticsearch.bootstrap.Spawner.spawnNativePluginControllers(Spawner.java:72) ~[1/:?]
	at org.elasticsearch.bootstrap.Bootstrap.setup(Bootstrap.java:167) ~[1/:?]
	at org.elasticsearch.bootstrap.Bootstrap.init(Bootstrap.java:350) [1/:?]
	at org.elasticsearch.bootstrap.Elasticsearch.init(Elasticsearch.java:123) [1/:?]
	at org.elasticsearch.bootstrap.Elasticsearch.execute(Elasticsearch.java:114) [1/:?]
	at org.elasticsearch.cli.EnvironmentAwareCommand.execute(EnvironmentAwareCommand.java:67) [1/:?]
	at org.elasticsearch.cli.Command.mainWithoutErrorHandling(Command.java:122) [1/:?]
	at org.elasticsearch.cli.Command.main(Command.java:88) [1/:?]
	at org.elasticsearch.bootstrap.Elasticsearch.main(Elasticsearch.java:91) [1/:?]
	at org.elasticsearch.bootstrap.Elasticsearch.main(Elasticsearch.java:84) [1/:?]
[2017-06-13T14:46:00,678][WARN ][o.e.b.ElasticsearchUncaughtExceptionHandler] [] uncaught exception in thread [main]
org.elasticsearch.bootstrap.StartupException: java.lang.IllegalStateException: plugins directory [E:\elasticsearch-5.4.1\core\src\main\plugins] not found
	at org.elasticsearch.bootstrap.Elasticsearch.init(Elasticsearch.java:127) ~[1/:?]
	at org.elasticsearch.bootstrap.Elasticsearch.execute(Elasticsearch.java:114) ~[1/:?]
	at org.elasticsearch.cli.EnvironmentAwareCommand.execute(EnvironmentAwareCommand.java:67) ~[1/:?]
	at org.elasticsearch.cli.Command.mainWithoutErrorHandling(Command.java:122) ~[1/:?]
	at org.elasticsearch.cli.Command.main(Command.java:88) ~[1/:?]
	at org.elasticsearch.bootstrap.Elasticsearch.main(Elasticsearch.java:91) ~[1/:?]
	at org.elasticsearch.bootstrap.Elasticsearch.main(Elasticsearch.java:84) ~[1/:?]
Caused by: java.lang.IllegalStateException: plugins directory [E:\elasticsearch-5.4.1\core\src\main\plugins] not found
	at org.elasticsearch.bootstrap.Spawner.spawnNativePluginControllers(Spawner.java:72) ~[1/:?]
	at org.elasticsearch.bootstrap.Bootstrap.setup(Bootstrap.java:167) ~[1/:?]
	at org.elasticsearch.bootstrap.Bootstrap.init(Bootstrap.java:350) ~[1/:?]
	at org.elasticsearch.bootstrap.Elasticsearch.init(Elasticsearch.java:123) ~[1/:?]
	... 6 more
[2017-06-13T14:46:49,740][WARN ][o.e.b.ElasticsearchUncaughtExceptionHandler] [] uncaught exception in thread [main]
org.elasticsearch.bootstrap.StartupException: org.elasticsearch.bootstrap.BootstrapException: java.nio.file.NoSuchFileException: E:\elasticsearch-5.4.1\core\src\main\plugins\analysis-icu\plugin-descriptor.properties
	at org.elasticsearch.bootstrap.Elasticsearch.init(Elasticsearch.java:127) ~[1/:?]
	at org.elasticsearch.bootstrap.Elasticsearch.execute(Elasticsearch.java:114) ~[1/:?]
	at org.elasticsearch.cli.EnvironmentAwareCommand.execute(EnvironmentAwareCommand.java:67) ~[1/:?]
	at org.elasticsearch.cli.Command.mainWithoutErrorHandling(Command.java:122) ~[1/:?]
	at org.elasticsearch.cli.Command.main(Command.java:88) ~[1/:?]
	at org.elasticsearch.bootstrap.Elasticsearch.main(Elasticsearch.java:91) ~[1/:?]
	at org.elasticsearch.bootstrap.Elasticsearch.main(Elasticsearch.java:84) ~[1/:?]
Caused by: org.elasticsearch.bootstrap.BootstrapException: java.nio.file.NoSuchFileException: E:\elasticsearch-5.4.1\core\src\main\plugins\analysis-icu\plugin-descriptor.properties
	at org.elasticsearch.bootstrap.Bootstrap.setup(Bootstrap.java:169) ~[1/:?]
	at org.elasticsearch.bootstrap.Bootstrap.init(Bootstrap.java:350) ~[1/:?]
	at org.elasticsearch.bootstrap.Elasticsearch.init(Elasticsearch.java:123) ~[1/:?]
	... 6 more
Caused by: java.nio.file.NoSuchFileException: E:\elasticsearch-5.4.1\core\src\main\plugins\analysis-icu\plugin-descriptor.properties
	at sun.nio.fs.WindowsException.translateToIOException(WindowsException.java:79) ~[?:1.8.0_121]
	at sun.nio.fs.WindowsException.rethrowAsIOException(WindowsException.java:97) ~[?:1.8.0_121]
	at sun.nio.fs.WindowsException.rethrowAsIOException(WindowsException.java:102) ~[?:1.8.0_121]
	at sun.nio.fs.WindowsFileSystemProvider.newByteChannel(WindowsFileSystemProvider.java:230) ~[?:1.8.0_121]
	at java.nio.file.Files.newByteChannel(Files.java:361) ~[?:1.8.0_121]
	at java.nio.file.Files.newByteChannel(Files.java:407) ~[?:1.8.0_121]
	at java.nio.file.spi.FileSystemProvider.newInputStream(FileSystemProvider.java:384) ~[?:1.8.0_121]
	at java.nio.file.Files.newInputStream(Files.java:152) ~[?:1.8.0_121]
	at org.elasticsearch.plugins.PluginInfo.readFromProperties(PluginInfo.java:114) ~[1/:?]
	at org.elasticsearch.bootstrap.Spawner.spawnNativePluginControllers(Spawner.java:86) ~[1/:?]
	at org.elasticsearch.bootstrap.Bootstrap.setup(Bootstrap.java:167) ~[1/:?]
	at org.elasticsearch.bootstrap.Bootstrap.init(Bootstrap.java:350) ~[1/:?]
	at org.elasticsearch.bootstrap.Elasticsearch.init(Elasticsearch.java:123) ~[1/:?]
	... 6 more
[2017-06-13T15:06:54,489][ERROR][o.e.b.Bootstrap          ] Exception
java.lang.IllegalStateException: version string must be a sequence of nonnegative decimal integers separated by "."'s and may have leading zeros but was 1.8.0_121
	at org.elasticsearch.bootstrap.JarHell.checkVersionFormat(JarHell.java:237) ~[1/:?]
	at org.elasticsearch.plugins.PluginInfo.readFromProperties(PluginInfo.java:153) ~[1/:?]
	at org.elasticsearch.bootstrap.Spawner.spawnNativePluginControllers(Spawner.java:86) ~[1/:?]
	at org.elasticsearch.bootstrap.Bootstrap.setup(Bootstrap.java:167) ~[1/:?]
	at org.elasticsearch.bootstrap.Bootstrap.init(Bootstrap.java:350) [1/:?]
	at org.elasticsearch.bootstrap.Elasticsearch.init(Elasticsearch.java:123) [1/:?]
	at org.elasticsearch.bootstrap.Elasticsearch.execute(Elasticsearch.java:114) [1/:?]
	at org.elasticsearch.cli.EnvironmentAwareCommand.execute(EnvironmentAwareCommand.java:67) [1/:?]
	at org.elasticsearch.cli.Command.mainWithoutErrorHandling(Command.java:122) [1/:?]
	at org.elasticsearch.cli.Command.main(Command.java:88) [1/:?]
	at org.elasticsearch.bootstrap.Elasticsearch.main(Elasticsearch.java:91) [1/:?]
	at org.elasticsearch.bootstrap.Elasticsearch.main(Elasticsearch.java:84) [1/:?]
[2017-06-13T15:06:54,504][WARN ][o.e.b.ElasticsearchUncaughtExceptionHandler] [] uncaught exception in thread [main]
org.elasticsearch.bootstrap.StartupException: java.lang.IllegalStateException: version string must be a sequence of nonnegative decimal integers separated by "."'s and may have leading zeros but was 1.8.0_121
	at org.elasticsearch.bootstrap.Elasticsearch.init(Elasticsearch.java:127) ~[1/:?]
	at org.elasticsearch.bootstrap.Elasticsearch.execute(Elasticsearch.java:114) ~[1/:?]
	at org.elasticsearch.cli.EnvironmentAwareCommand.execute(EnvironmentAwareCommand.java:67) ~[1/:?]
	at org.elasticsearch.cli.Command.mainWithoutErrorHandling(Command.java:122) ~[1/:?]
	at org.elasticsearch.cli.Command.main(Command.java:88) ~[1/:?]
	at org.elasticsearch.bootstrap.Elasticsearch.main(Elasticsearch.java:91) ~[1/:?]
	at org.elasticsearch.bootstrap.Elasticsearch.main(Elasticsearch.java:84) ~[1/:?]
Caused by: java.lang.IllegalStateException: version string must be a sequence of nonnegative decimal integers separated by "."'s and may have leading zeros but was 1.8.0_121
	at org.elasticsearch.bootstrap.JarHell.checkVersionFormat(JarHell.java:237) ~[1/:?]
	at org.elasticsearch.plugins.PluginInfo.readFromProperties(PluginInfo.java:153) ~[1/:?]
	at org.elasticsearch.bootstrap.Spawner.spawnNativePluginControllers(Spawner.java:86) ~[1/:?]
	at org.elasticsearch.bootstrap.Bootstrap.setup(Bootstrap.java:167) ~[1/:?]
	at org.elasticsearch.bootstrap.Bootstrap.init(Bootstrap.java:350) ~[1/:?]
	at org.elasticsearch.bootstrap.Elasticsearch.init(Elasticsearch.java:123) ~[1/:?]
	... 6 more
[2017-06-13T15:07:42,293][ERROR][o.e.b.Bootstrap          ] Exception
java.lang.IllegalArgumentException: property [classname] is missing for plugin [myDemo]
	at org.elasticsearch.plugins.PluginInfo.readFromProperties(PluginInfo.java:157) ~[1/:?]
	at org.elasticsearch.bootstrap.Spawner.spawnNativePluginControllers(Spawner.java:86) ~[1/:?]
	at org.elasticsearch.bootstrap.Bootstrap.setup(Bootstrap.java:167) ~[1/:?]
	at org.elasticsearch.bootstrap.Bootstrap.init(Bootstrap.java:350) [1/:?]
	at org.elasticsearch.bootstrap.Elasticsearch.init(Elasticsearch.java:123) [1/:?]
	at org.elasticsearch.bootstrap.Elasticsearch.execute(Elasticsearch.java:114) [1/:?]
	at org.elasticsearch.cli.EnvironmentAwareCommand.execute(EnvironmentAwareCommand.java:67) [1/:?]
	at org.elasticsearch.cli.Command.mainWithoutErrorHandling(Command.java:122) [1/:?]
	at org.elasticsearch.cli.Command.main(Command.java:88) [1/:?]
	at org.elasticsearch.bootstrap.Elasticsearch.main(Elasticsearch.java:91) [1/:?]
	at org.elasticsearch.bootstrap.Elasticsearch.main(Elasticsearch.java:84) [1/:?]
[2017-06-13T15:07:42,307][WARN ][o.e.b.ElasticsearchUncaughtExceptionHandler] [] uncaught exception in thread [main]
org.elasticsearch.bootstrap.StartupException: java.lang.IllegalArgumentException: property [classname] is missing for plugin [myDemo]
	at org.elasticsearch.bootstrap.Elasticsearch.init(Elasticsearch.java:127) ~[1/:?]
	at org.elasticsearch.bootstrap.Elasticsearch.execute(Elasticsearch.java:114) ~[1/:?]
	at org.elasticsearch.cli.EnvironmentAwareCommand.execute(EnvironmentAwareCommand.java:67) ~[1/:?]
	at org.elasticsearch.cli.Command.mainWithoutErrorHandling(Command.java:122) ~[1/:?]
	at org.elasticsearch.cli.Command.main(Command.java:88) ~[1/:?]
	at org.elasticsearch.bootstrap.Elasticsearch.main(Elasticsearch.java:91) ~[1/:?]
	at org.elasticsearch.bootstrap.Elasticsearch.main(Elasticsearch.java:84) ~[1/:?]
Caused by: java.lang.IllegalArgumentException: property [classname] is missing for plugin [myDemo]
	at org.elasticsearch.plugins.PluginInfo.readFromProperties(PluginInfo.java:157) ~[1/:?]
	at org.elasticsearch.bootstrap.Spawner.spawnNativePluginControllers(Spawner.java:86) ~[1/:?]
	at org.elasticsearch.bootstrap.Bootstrap.setup(Bootstrap.java:167) ~[1/:?]
	at org.elasticsearch.bootstrap.Bootstrap.init(Bootstrap.java:350) ~[1/:?]
	at org.elasticsearch.bootstrap.Elasticsearch.init(Elasticsearch.java:123) ~[1/:?]
	... 6 more
[2017-06-13T15:22:17,161][ERROR][o.e.b.Bootstrap          ] Exception
java.lang.IllegalStateException: plugins directory [E:\elasticsearch-5.4.1\core\src\main\plugins] not found
	at org.elasticsearch.bootstrap.Spawner.spawnNativePluginControllers(Spawner.java:72) ~[1/:?]
	at org.elasticsearch.bootstrap.Bootstrap.setup(Bootstrap.java:167) ~[1/:?]
	at org.elasticsearch.bootstrap.Bootstrap.init(Bootstrap.java:350) [1/:?]
	at org.elasticsearch.bootstrap.Elasticsearch.init(Elasticsearch.java:123) [1/:?]
	at org.elasticsearch.bootstrap.Elasticsearch.execute(Elasticsearch.java:114) [1/:?]
	at org.elasticsearch.cli.EnvironmentAwareCommand.execute(EnvironmentAwareCommand.java:67) [1/:?]
	at org.elasticsearch.cli.Command.mainWithoutErrorHandling(Command.java:122) [1/:?]
	at org.elasticsearch.cli.Command.main(Command.java:88) [1/:?]
	at org.elasticsearch.bootstrap.Elasticsearch.main(Elasticsearch.java:91) [1/:?]
	at org.elasticsearch.bootstrap.Elasticsearch.main(Elasticsearch.java:84) [1/:?]
[2017-06-13T15:22:17,178][WARN ][o.e.b.ElasticsearchUncaughtExceptionHandler] [] uncaught exception in thread [main]
org.elasticsearch.bootstrap.StartupException: java.lang.IllegalStateException: plugins directory [E:\elasticsearch-5.4.1\core\src\main\plugins] not found
	at org.elasticsearch.bootstrap.Elasticsearch.init(Elasticsearch.java:127) ~[1/:?]
	at org.elasticsearch.bootstrap.Elasticsearch.execute(Elasticsearch.java:114) ~[1/:?]
	at org.elasticsearch.cli.EnvironmentAwareCommand.execute(EnvironmentAwareCommand.java:67) ~[1/:?]
	at org.elasticsearch.cli.Command.mainWithoutErrorHandling(Command.java:122) ~[1/:?]
	at org.elasticsearch.cli.Command.main(Command.java:88) ~[1/:?]
	at org.elasticsearch.bootstrap.Elasticsearch.main(Elasticsearch.java:91) ~[1/:?]
	at org.elasticsearch.bootstrap.Elasticsearch.main(Elasticsearch.java:84) ~[1/:?]
Caused by: java.lang.IllegalStateException: plugins directory [E:\elasticsearch-5.4.1\core\src\main\plugins] not found
	at org.elasticsearch.bootstrap.Spawner.spawnNativePluginControllers(Spawner.java:72) ~[1/:?]
	at org.elasticsearch.bootstrap.Bootstrap.setup(Bootstrap.java:167) ~[1/:?]
	at org.elasticsearch.bootstrap.Bootstrap.init(Bootstrap.java:350) ~[1/:?]
	at org.elasticsearch.bootstrap.Elasticsearch.init(Elasticsearch.java:123) ~[1/:?]
	... 6 more
[2017-06-13T15:23:02,366][ERROR][o.e.b.Bootstrap          ] Exception
java.lang.IllegalStateException: plugins directory [E:\elasticsearch-5.4.1\core\src\main\plugins] not found
	at org.elasticsearch.bootstrap.Spawner.spawnNativePluginControllers(Spawner.java:72) ~[1/:?]
	at org.elasticsearch.bootstrap.Bootstrap.setup(Bootstrap.java:167) ~[1/:?]
	at org.elasticsearch.bootstrap.Bootstrap.init(Bootstrap.java:350) [1/:?]
	at org.elasticsearch.bootstrap.Elasticsearch.init(Elasticsearch.java:123) [1/:?]
	at org.elasticsearch.bootstrap.Elasticsearch.execute(Elasticsearch.java:114) [1/:?]
	at org.elasticsearch.cli.EnvironmentAwareCommand.execute(EnvironmentAwareCommand.java:67) [1/:?]
	at org.elasticsearch.cli.Command.mainWithoutErrorHandling(Command.java:122) [1/:?]
	at org.elasticsearch.cli.Command.main(Command.java:88) [1/:?]
	at org.elasticsearch.bootstrap.Elasticsearch.main(Elasticsearch.java:91) [1/:?]
	at org.elasticsearch.bootstrap.Elasticsearch.main(Elasticsearch.java:84) [1/:?]
[2017-06-13T15:23:02,382][WARN ][o.e.b.ElasticsearchUncaughtExceptionHandler] [] uncaught exception in thread [main]
org.elasticsearch.bootstrap.StartupException: java.lang.IllegalStateException: plugins directory [E:\elasticsearch-5.4.1\core\src\main\plugins] not found
	at org.elasticsearch.bootstrap.Elasticsearch.init(Elasticsearch.java:127) ~[1/:?]
	at org.elasticsearch.bootstrap.Elasticsearch.execute(Elasticsearch.java:114) ~[1/:?]
	at org.elasticsearch.cli.EnvironmentAwareCommand.execute(EnvironmentAwareCommand.java:67) ~[1/:?]
	at org.elasticsearch.cli.Command.mainWithoutErrorHandling(Command.java:122) ~[1/:?]
	at org.elasticsearch.cli.Command.main(Command.java:88) ~[1/:?]
	at org.elasticsearch.bootstrap.Elasticsearch.main(Elasticsearch.java:91) ~[1/:?]
	at org.elasticsearch.bootstrap.Elasticsearch.main(Elasticsearch.java:84) ~[1/:?]
Caused by: java.lang.IllegalStateException: plugins directory [E:\elasticsearch-5.4.1\core\src\main\plugins] not found
	at org.elasticsearch.bootstrap.Spawner.spawnNativePluginControllers(Spawner.java:72) ~[1/:?]
	at org.elasticsearch.bootstrap.Bootstrap.setup(Bootstrap.java:167) ~[1/:?]
	at org.elasticsearch.bootstrap.Bootstrap.init(Bootstrap.java:350) ~[1/:?]
	at org.elasticsearch.bootstrap.Elasticsearch.init(Elasticsearch.java:123) ~[1/:?]
	... 6 more
[2017-06-13T15:23:34,403][INFO ][o.e.n.Node               ] [] initializing ...
[2017-06-13T15:23:34,685][INFO ][o.e.e.NodeEnvironment    ] [0kHAj67] using [1] data paths, mounts [[文档 (E:)]], net usable_space [261.1gb], net total_space [277gb], spins? [unknown], types [NTFS]
[2017-06-13T15:23:34,685][INFO ][o.e.e.NodeEnvironment    ] [0kHAj67] heap size [1.7gb], compressed ordinary object pointers [true]
[2017-06-13T15:23:34,688][INFO ][o.e.n.Node               ] node name [0kHAj67] derived from node ID [0kHAj67FRs6m_ktiMYc0zg]; set [node.name] to override
[2017-06-13T15:23:34,688][INFO ][o.e.n.Node               ] version[5.4.1-SNAPSHOT], pid[15704], build[Unknown/Unknown], OS[Windows 10/10.0/amd64], JVM[Oracle Corporation/Java HotSpot(TM) 64-Bit Server VM/1.8.0_121/25.121-b13]
[2017-06-13T15:23:34,688][INFO ][o.e.n.Node               ] JVM arguments [-Des.path.home=E:\elasticsearch-5.4.1\core\src\main, -Dfile.encoding=UTF-8]
[2017-06-13T15:23:34,688][WARN ][o.e.n.Node               ] version [5.4.1-SNAPSHOT] is a pre-release version of Elasticsearch and is not suitable for production
[2017-06-13T15:23:49,868][INFO ][o.e.p.PluginsService     ] [0kHAj67] loaded module [aggs-matrix-stats]
[2017-06-13T15:23:49,868][INFO ][o.e.p.PluginsService     ] [0kHAj67] loaded module [ingest-common]
[2017-06-13T15:23:49,869][INFO ][o.e.p.PluginsService     ] [0kHAj67] loaded module [lang-expression]
[2017-06-13T15:23:49,869][INFO ][o.e.p.PluginsService     ] [0kHAj67] loaded module [lang-groovy]
[2017-06-13T15:23:49,869][INFO ][o.e.p.PluginsService     ] [0kHAj67] loaded module [lang-mustache]
[2017-06-13T15:23:49,869][INFO ][o.e.p.PluginsService     ] [0kHAj67] loaded module [lang-painless]
[2017-06-13T15:23:49,869][INFO ][o.e.p.PluginsService     ] [0kHAj67] loaded module [percolator]
[2017-06-13T15:23:49,869][INFO ][o.e.p.PluginsService     ] [0kHAj67] loaded module [reindex]
[2017-06-13T15:23:49,869][INFO ][o.e.p.PluginsService     ] [0kHAj67] loaded module [transport-netty3]
[2017-06-13T15:23:49,869][INFO ][o.e.p.PluginsService     ] [0kHAj67] loaded module [transport-netty4]
[2017-06-13T15:23:49,870][INFO ][o.e.p.PluginsService     ] [0kHAj67] no plugins loaded
[2017-06-13T15:23:54,166][INFO ][o.e.d.DiscoveryModule    ] [0kHAj67] using discovery type [zen]
[2017-06-13T15:23:54,666][INFO ][o.e.n.Node               ] initialized
[2017-06-13T15:23:54,666][INFO ][o.e.n.Node               ] [0kHAj67] starting ...
[2017-06-13T15:23:54,781][INFO ][i.n.u.i.PlatformDependent] Your platform does not provide complete low-level API for accessing direct buffers reliably. Unless explicitly requested, heap buffer will always be preferred to avoid potential system instability.
[2017-06-13T15:23:55,238][INFO ][o.e.t.TransportService   ] [0kHAj67] publish_address {127.0.0.1:9300}, bound_addresses {127.0.0.1:9300}, {[::1]:9300}
[2017-06-13T15:23:55,247][WARN ][o.e.b.BootstrapChecks    ] [0kHAj67] initial heap size [134217728] not equal to maximum heap size [2116026368]; this can cause resize pauses and prevents mlockall from locking the entire heap
[2017-06-13T15:23:58,310][INFO ][o.e.c.s.ClusterService   ] [0kHAj67] new_master {0kHAj67}{0kHAj67FRs6m_ktiMYc0zg}{JDMDQSXhTpCdX4TFhfyR3A}{127.0.0.1}{127.0.0.1:9300}, reason: zen-disco-elected-as-master ([0] nodes joined)
[2017-06-13T15:23:58,421][INFO ][o.e.g.GatewayService     ] [0kHAj67] recovered [0] indices into cluster_state
[2017-06-13T15:23:58,491][INFO ][o.e.h.n.Netty4HttpServerTransport] [0kHAj67] publish_address {127.0.0.1:9200}, bound_addresses {127.0.0.1:9200}, {[::1]:9200}
[2017-06-13T15:23:58,494][INFO ][o.e.n.Node               ] [0kHAj67] started
[2017-06-13T15:28:35,707][INFO ][o.e.n.Node               ] [] initializing ...
[2017-06-13T15:28:35,862][INFO ][o.e.e.NodeEnvironment    ] [0kHAj67] using [1] data paths, mounts [[文档 (E:)]], net usable_space [261.1gb], net total_space [277gb], spins? [unknown], types [NTFS]
[2017-06-13T15:28:35,862][INFO ][o.e.e.NodeEnvironment    ] [0kHAj67] heap size [1.7gb], compressed ordinary object pointers [true]
[2017-06-13T15:28:35,863][INFO ][o.e.n.Node               ] node name [0kHAj67] derived from node ID [0kHAj67FRs6m_ktiMYc0zg]; set [node.name] to override
[2017-06-13T15:28:35,864][INFO ][o.e.n.Node               ] version[5.4.1-SNAPSHOT], pid[15720], build[Unknown/Unknown], OS[Windows 10/10.0/amd64], JVM[Oracle Corporation/Java HotSpot(TM) 64-Bit Server VM/1.8.0_121/25.121-b13]
[2017-06-13T15:28:35,864][INFO ][o.e.n.Node               ] JVM arguments [-Des.path.home=E:\elasticsearch-5.4.1\core\src\main, -Djava.security.policy=E:\elasticsearch-5.4.1\core\src\main\resources\config\elasticsearch.policy, -Dfile.encoding=UTF-8]
[2017-06-13T15:28:35,864][WARN ][o.e.n.Node               ] version [5.4.1-SNAPSHOT] is a pre-release version of Elasticsearch and is not suitable for production
[2017-06-13T15:28:50,058][INFO ][o.e.p.PluginsService     ] [0kHAj67] loaded module [aggs-matrix-stats]
[2017-06-13T15:28:50,058][INFO ][o.e.p.PluginsService     ] [0kHAj67] loaded module [ingest-common]
[2017-06-13T15:28:50,058][INFO ][o.e.p.PluginsService     ] [0kHAj67] loaded module [lang-expression]
[2017-06-13T15:28:50,058][INFO ][o.e.p.PluginsService     ] [0kHAj67] loaded module [lang-groovy]
[2017-06-13T15:28:50,058][INFO ][o.e.p.PluginsService     ] [0kHAj67] loaded module [lang-mustache]
[2017-06-13T15:28:50,058][INFO ][o.e.p.PluginsService     ] [0kHAj67] loaded module [lang-painless]
[2017-06-13T15:28:50,058][INFO ][o.e.p.PluginsService     ] [0kHAj67] loaded module [percolator]
[2017-06-13T15:28:50,058][INFO ][o.e.p.PluginsService     ] [0kHAj67] loaded module [reindex]
[2017-06-13T15:28:50,058][INFO ][o.e.p.PluginsService     ] [0kHAj67] loaded module [transport-netty3]
[2017-06-13T15:28:50,059][INFO ][o.e.p.PluginsService     ] [0kHAj67] loaded module [transport-netty4]
[2017-06-13T15:28:50,059][INFO ][o.e.p.PluginsService     ] [0kHAj67] no plugins loaded
[2017-06-13T15:28:52,613][INFO ][o.e.d.DiscoveryModule    ] [0kHAj67] using discovery type [zen]
[2017-06-13T15:28:53,109][INFO ][o.e.n.Node               ] initialized
[2017-06-13T15:28:53,109][INFO ][o.e.n.Node               ] [0kHAj67] starting ...
[2017-06-13T15:28:53,194][INFO ][i.n.u.i.PlatformDependent] Your platform does not provide complete low-level API for accessing direct buffers reliably. Unless explicitly requested, heap buffer will always be preferred to avoid potential system instability.
[2017-06-13T15:28:53,612][INFO ][o.e.t.TransportService   ] [0kHAj67] publish_address {127.0.0.1:9300}, bound_addresses {127.0.0.1:9300}, {[::1]:9300}
[2017-06-13T15:28:53,620][WARN ][o.e.b.BootstrapChecks    ] [0kHAj67] initial heap size [134217728] not equal to maximum heap size [2116026368]; this can cause resize pauses and prevents mlockall from locking the entire heap
[2017-06-13T15:28:56,679][INFO ][o.e.c.s.ClusterService   ] [0kHAj67] new_master {0kHAj67}{0kHAj67FRs6m_ktiMYc0zg}{vDGVaF6FSROAE2B22UplPg}{127.0.0.1}{127.0.0.1:9300}, reason: zen-disco-elected-as-master ([0] nodes joined)
[2017-06-13T15:28:56,768][INFO ][o.e.g.GatewayService     ] [0kHAj67] recovered [0] indices into cluster_state
[2017-06-13T15:28:56,846][INFO ][o.e.h.n.Netty4HttpServerTransport] [0kHAj67] publish_address {127.0.0.1:9200}, bound_addresses {127.0.0.1:9200}, {[::1]:9200}
[2017-06-13T15:28:56,849][INFO ][o.e.n.Node               ] [0kHAj67] started
[2017-06-13T15:40:07,279][INFO ][o.e.n.Node               ] [] initializing ...
[2017-06-13T15:40:07,441][INFO ][o.e.e.NodeEnvironment    ] [0kHAj67] using [1] data paths, mounts [[文档 (E:)]], net usable_space [261gb], net total_space [277gb], spins? [unknown], types [NTFS]
[2017-06-13T15:40:07,441][INFO ][o.e.e.NodeEnvironment    ] [0kHAj67] heap size [1.7gb], compressed ordinary object pointers [true]
[2017-06-13T15:40:07,443][INFO ][o.e.n.Node               ] node name [0kHAj67] derived from node ID [0kHAj67FRs6m_ktiMYc0zg]; set [node.name] to override
[2017-06-13T15:40:07,443][INFO ][o.e.n.Node               ] version[5.4.1-SNAPSHOT], pid[9480], build[Unknown/Unknown], OS[Windows 10/10.0/amd64], JVM[Oracle Corporation/Java HotSpot(TM) 64-Bit Server VM/1.8.0_121/25.121-b13]
[2017-06-13T15:40:07,443][INFO ][o.e.n.Node               ] JVM arguments [-Des.path.home=E:\elasticsearch-5.4.1\core\src\main, -Djava.security.policy=E:\elasticsearch-5.4.1\core\src\main\resources\config\elasticsearch.policy, -Dfile.encoding=UTF-8]
[2017-06-13T15:40:07,443][WARN ][o.e.n.Node               ] version [5.4.1-SNAPSHOT] is a pre-release version of Elasticsearch and is not suitable for production
[2017-06-13T15:40:21,936][INFO ][o.e.p.PluginsService     ] [0kHAj67] loaded module [aggs-matrix-stats]
[2017-06-13T15:40:21,936][INFO ][o.e.p.PluginsService     ] [0kHAj67] loaded module [ingest-common]
[2017-06-13T15:40:21,936][INFO ][o.e.p.PluginsService     ] [0kHAj67] loaded module [lang-expression]
[2017-06-13T15:40:21,936][INFO ][o.e.p.PluginsService     ] [0kHAj67] loaded module [lang-groovy]
[2017-06-13T15:40:21,936][INFO ][o.e.p.PluginsService     ] [0kHAj67] loaded module [lang-mustache]
[2017-06-13T15:40:21,936][INFO ][o.e.p.PluginsService     ] [0kHAj67] loaded module [lang-painless]
[2017-06-13T15:40:21,936][INFO ][o.e.p.PluginsService     ] [0kHAj67] loaded module [percolator]
[2017-06-13T15:40:21,937][INFO ][o.e.p.PluginsService     ] [0kHAj67] loaded module [reindex]
[2017-06-13T15:40:21,937][INFO ][o.e.p.PluginsService     ] [0kHAj67] loaded module [transport-netty3]
[2017-06-13T15:40:21,937][INFO ][o.e.p.PluginsService     ] [0kHAj67] loaded module [transport-netty4]
[2017-06-13T15:40:21,937][INFO ][o.e.p.PluginsService     ] [0kHAj67] no plugins loaded
[2017-06-13T15:40:24,473][INFO ][o.e.d.DiscoveryModule    ] [0kHAj67] using discovery type [zen]
[2017-06-13T15:40:25,011][INFO ][o.e.n.Node               ] initialized
[2017-06-13T15:40:25,011][INFO ][o.e.n.Node               ] [0kHAj67] starting ...
[2017-06-13T15:40:25,100][INFO ][i.n.u.i.PlatformDependent] Your platform does not provide complete low-level API for accessing direct buffers reliably. Unless explicitly requested, heap buffer will always be preferred to avoid potential system instability.
[2017-06-13T15:40:25,504][INFO ][o.e.t.TransportService   ] [0kHAj67] publish_address {127.0.0.1:9300}, bound_addresses {127.0.0.1:9300}, {[::1]:9300}
[2017-06-13T15:40:25,511][WARN ][o.e.b.BootstrapChecks    ] [0kHAj67] initial heap size [134217728] not equal to maximum heap size [2116026368]; this can cause resize pauses and prevents mlockall from locking the entire heap
[2017-06-13T15:40:28,580][INFO ][o.e.c.s.ClusterService   ] [0kHAj67] new_master {0kHAj67}{0kHAj67FRs6m_ktiMYc0zg}{2ysLc3GxQd-YCdOfc08MfQ}{127.0.0.1}{127.0.0.1:9300}, reason: zen-disco-elected-as-master ([0] nodes joined)
[2017-06-13T15:40:28,671][INFO ][o.e.g.GatewayService     ] [0kHAj67] recovered [0] indices into cluster_state
[2017-06-13T15:40:28,743][INFO ][o.e.h.n.Netty4HttpServerTransport] [0kHAj67] publish_address {127.0.0.1:9200}, bound_addresses {127.0.0.1:9200}, {[::1]:9200}
[2017-06-13T15:40:28,745][INFO ][o.e.n.Node               ] [0kHAj67] started
[2017-06-13T21:16:12,735][INFO ][o.e.c.m.MetaDataCreateIndexService] [0kHAj67] [blog] creating index, cause [auto(bulk api)], templates [], shards [5]/[1], mappings []
[2017-06-13T21:16:15,539][DEBUG][o.e.a.b.TransportShardBulkAction] [0kHAj67] [blog][3] failed to execute bulk item (index) BulkShardRequest [[blog][3]] containing [index {[blog][article][1], source[{"title": "New]}]
org.elasticsearch.index.mapper.MapperParsingException: failed to parse
	at org.elasticsearch.index.mapper.DocumentParser.wrapInMapperParsingException(DocumentParser.java:176) ~[1/:?]
	at org.elasticsearch.index.mapper.DocumentParser.parseDocument(DocumentParser.java:69) ~[1/:?]
	at org.elasticsearch.index.mapper.DocumentMapper.parse(DocumentMapper.java:277) ~[1/:?]
	at org.elasticsearch.index.shard.IndexShard.prepareIndex(IndexShard.java:536) ~[1/:?]
	at org.elasticsearch.index.shard.IndexShard.prepareIndexOnPrimary(IndexShard.java:513) ~[1/:?]
	at org.elasticsearch.action.bulk.TransportShardBulkAction.prepareIndexOperationOnPrimary(TransportShardBulkAction.java:450) ~[1/:?]
	at org.elasticsearch.action.bulk.TransportShardBulkAction.executeIndexRequestOnPrimary(TransportShardBulkAction.java:458) ~[1/:?]
	at org.elasticsearch.action.bulk.TransportShardBulkAction.executeBulkItemRequest(TransportShardBulkAction.java:143) [1/:?]
	at org.elasticsearch.action.bulk.TransportShardBulkAction.shardOperationOnPrimary(TransportShardBulkAction.java:113) [1/:?]
	at org.elasticsearch.action.bulk.TransportShardBulkAction.shardOperationOnPrimary(TransportShardBulkAction.java:1) [1/:?]
	at org.elasticsearch.action.support.replication.TransportReplicationAction$PrimaryShardReference.perform(TransportReplicationAction.java:939) [1/:?]
	at org.elasticsearch.action.support.replication.TransportReplicationAction$PrimaryShardReference.perform(TransportReplicationAction.java:1) [1/:?]
	at org.elasticsearch.action.support.replication.ReplicationOperation.execute(ReplicationOperation.java:113) [1/:?]
	at org.elasticsearch.action.support.replication.TransportReplicationAction$AsyncPrimaryAction.onResponse(TransportReplicationAction.java:322) [1/:?]
	at org.elasticsearch.action.support.replication.TransportReplicationAction$AsyncPrimaryAction.onResponse(TransportReplicationAction.java:1) [1/:?]
	at org.elasticsearch.action.support.replication.TransportReplicationAction$1.onResponse(TransportReplicationAction.java:888) [1/:?]
	at org.elasticsearch.action.support.replication.TransportReplicationAction$1.onResponse(TransportReplicationAction.java:1) [1/:?]
	at org.elasticsearch.index.shard.IndexShardOperationsLock.acquire(IndexShardOperationsLock.java:147) [1/:?]
	at org.elasticsearch.index.shard.IndexShard.acquirePrimaryOperationLock(IndexShard.java:1656) [1/:?]
	at org.elasticsearch.action.support.replication.TransportReplicationAction.acquirePrimaryShardReference(TransportReplicationAction.java:897) [1/:?]
	at org.elasticsearch.action.support.replication.TransportReplicationAction.access$4(TransportReplicationAction.java:870) [1/:?]
	at org.elasticsearch.action.support.replication.TransportReplicationAction$AsyncPrimaryAction.doRun(TransportReplicationAction.java:281) [1/:?]
	at org.elasticsearch.common.util.concurrent.AbstractRunnable.run(AbstractRunnable.java:37) [1/:?]
	at org.elasticsearch.action.support.replication.TransportReplicationAction$PrimaryOperationTransportHandler.messageReceived(TransportReplicationAction.java:260) [1/:?]
	at org.elasticsearch.action.support.replication.TransportReplicationAction$PrimaryOperationTransportHandler.messageReceived(TransportReplicationAction.java:1) [1/:?]
	at org.elasticsearch.transport.RequestHandlerRegistry.processMessageReceived(RequestHandlerRegistry.java:69) [1/:?]
	at org.elasticsearch.transport.TransportService$7.doRun(TransportService.java:627) [1/:?]
	at org.elasticsearch.common.util.concurrent.ThreadContext$ContextPreservingAbstractRunnable.doRun(ThreadContext.java:638) [1/:?]
	at org.elasticsearch.common.util.concurrent.AbstractRunnable.run(AbstractRunnable.java:37) [1/:?]
	at java.util.concurrent.ThreadPoolExecutor.runWorker(ThreadPoolExecutor.java:1142) [?:1.8.0_121]
	at java.util.concurrent.ThreadPoolExecutor$Worker.run(ThreadPoolExecutor.java:617) [?:1.8.0_121]
	at java.lang.Thread.run(Thread.java:745) [?:1.8.0_121]
Caused by: com.fasterxml.jackson.core.io.JsonEOFException: Unexpected end-of-input in VALUE_STRING
 at [Source: org.elasticsearch.common.bytes.BytesReference$MarkSupportingStreamInputWrapper@324abdd8; line: 1, column: 29]
	at com.fasterxml.jackson.core.base.ParserMinimalBase._reportInvalidEOF(ParserMinimalBase.java:483) ~[jackson-core-2.8.6.jar:2.8.6]
	at com.fasterxml.jackson.core.base.ParserMinimalBase._reportInvalidEOF(ParserMinimalBase.java:460) ~[jackson-core-2.8.6.jar:2.8.6]
	at com.fasterxml.jackson.core.json.UTF8StreamJsonParser._loadMoreGuaranteed(UTF8StreamJsonParser.java:2404) ~[jackson-core-2.8.6.jar:2.8.6]
	at com.fasterxml.jackson.core.json.UTF8StreamJsonParser._finishString2(UTF8StreamJsonParser.java:2489) ~[jackson-core-2.8.6.jar:2.8.6]
	at com.fasterxml.jackson.core.json.UTF8StreamJsonParser._finishAndReturnString(UTF8StreamJsonParser.java:2469) ~[jackson-core-2.8.6.jar:2.8.6]
	at com.fasterxml.jackson.core.json.UTF8StreamJsonParser.getText(UTF8StreamJsonParser.java:315) ~[jackson-core-2.8.6.jar:2.8.6]
	at org.elasticsearch.common.xcontent.json.JsonXContentParser.text(JsonXContentParser.java:86) ~[1/:?]
	at org.elasticsearch.index.mapper.DocumentParser.createBuilderFromDynamicValue(DocumentParser.java:684) ~[1/:?]
	at org.elasticsearch.index.mapper.DocumentParser.parseDynamicValue(DocumentParser.java:792) ~[1/:?]
	at org.elasticsearch.index.mapper.DocumentParser.parseValue(DocumentParser.java:583) ~[1/:?]
	at org.elasticsearch.index.mapper.DocumentParser.innerParseObject(DocumentParser.java:396) ~[1/:?]
	at org.elasticsearch.index.mapper.DocumentParser.parseObjectOrNested(DocumentParser.java:373) ~[1/:?]
	at org.elasticsearch.index.mapper.DocumentParser.internalParseDocument(DocumentParser.java:93) ~[1/:?]
	at org.elasticsearch.index.mapper.DocumentParser.parseDocument(DocumentParser.java:66) ~[1/:?]
	... 30 more
[2017-06-13T21:17:40,760][DEBUG][o.e.a.b.TransportShardBulkAction] [0kHAj67] [blog][3] failed to execute bulk item (index) BulkShardRequest [[blog][3]] containing [index {[blog][article][1], source[{"title": "New]}]
org.elasticsearch.index.mapper.MapperParsingException: failed to parse
	at org.elasticsearch.index.mapper.DocumentParser.wrapInMapperParsingException(DocumentParser.java:176) ~[1/:?]
	at org.elasticsearch.index.mapper.DocumentParser.parseDocument(DocumentParser.java:69) ~[1/:?]
	at org.elasticsearch.index.mapper.DocumentMapper.parse(DocumentMapper.java:277) ~[1/:?]
	at org.elasticsearch.index.shard.IndexShard.prepareIndex(IndexShard.java:536) ~[1/:?]
	at org.elasticsearch.index.shard.IndexShard.prepareIndexOnPrimary(IndexShard.java:513) ~[1/:?]
	at org.elasticsearch.action.bulk.TransportShardBulkAction.prepareIndexOperationOnPrimary(TransportShardBulkAction.java:450) ~[1/:?]
	at org.elasticsearch.action.bulk.TransportShardBulkAction.executeIndexRequestOnPrimary(TransportShardBulkAction.java:458) ~[1/:?]
	at org.elasticsearch.action.bulk.TransportShardBulkAction.executeBulkItemRequest(TransportShardBulkAction.java:143) [1/:?]
	at org.elasticsearch.action.bulk.TransportShardBulkAction.shardOperationOnPrimary(TransportShardBulkAction.java:113) [1/:?]
	at org.elasticsearch.action.bulk.TransportShardBulkAction.shardOperationOnPrimary(TransportShardBulkAction.java:1) [1/:?]
	at org.elasticsearch.action.support.replication.TransportReplicationAction$PrimaryShardReference.perform(TransportReplicationAction.java:939) [1/:?]
	at org.elasticsearch.action.support.replication.TransportReplicationAction$PrimaryShardReference.perform(TransportReplicationAction.java:1) [1/:?]
	at org.elasticsearch.action.support.replication.ReplicationOperation.execute(ReplicationOperation.java:113) [1/:?]
	at org.elasticsearch.action.support.replication.TransportReplicationAction$AsyncPrimaryAction.onResponse(TransportReplicationAction.java:322) [1/:?]
	at org.elasticsearch.action.support.replication.TransportReplicationAction$AsyncPrimaryAction.onResponse(TransportReplicationAction.java:1) [1/:?]
	at org.elasticsearch.action.support.replication.TransportReplicationAction$1.onResponse(TransportReplicationAction.java:888) [1/:?]
	at org.elasticsearch.action.support.replication.TransportReplicationAction$1.onResponse(TransportReplicationAction.java:1) [1/:?]
	at org.elasticsearch.index.shard.IndexShardOperationsLock.acquire(IndexShardOperationsLock.java:147) [1/:?]
	at org.elasticsearch.index.shard.IndexShard.acquirePrimaryOperationLock(IndexShard.java:1656) [1/:?]
	at org.elasticsearch.action.support.replication.TransportReplicationAction.acquirePrimaryShardReference(TransportReplicationAction.java:897) [1/:?]
	at org.elasticsearch.action.support.replication.TransportReplicationAction.access$4(TransportReplicationAction.java:870) [1/:?]
	at org.elasticsearch.action.support.replication.TransportReplicationAction$AsyncPrimaryAction.doRun(TransportReplicationAction.java:281) [1/:?]
	at org.elasticsearch.common.util.concurrent.AbstractRunnable.run(AbstractRunnable.java:37) [1/:?]
	at org.elasticsearch.action.support.replication.TransportReplicationAction$PrimaryOperationTransportHandler.messageReceived(TransportReplicationAction.java:260) [1/:?]
	at org.elasticsearch.action.support.replication.TransportReplicationAction$PrimaryOperationTransportHandler.messageReceived(TransportReplicationAction.java:1) [1/:?]
	at org.elasticsearch.transport.RequestHandlerRegistry.processMessageReceived(RequestHandlerRegistry.java:69) [1/:?]
	at org.elasticsearch.transport.TransportService$7.doRun(TransportService.java:627) [1/:?]
	at org.elasticsearch.common.util.concurrent.ThreadContext$ContextPreservingAbstractRunnable.doRun(ThreadContext.java:638) [1/:?]
	at org.elasticsearch.common.util.concurrent.AbstractRunnable.run(AbstractRunnable.java:37) [1/:?]
	at java.util.concurrent.ThreadPoolExecutor.runWorker(ThreadPoolExecutor.java:1142) [?:1.8.0_121]
	at java.util.concurrent.ThreadPoolExecutor$Worker.run(ThreadPoolExecutor.java:617) [?:1.8.0_121]
	at java.lang.Thread.run(Thread.java:745) [?:1.8.0_121]
Caused by: com.fasterxml.jackson.core.io.JsonEOFException: Unexpected end-of-input in VALUE_STRING
 at [Source: org.elasticsearch.common.bytes.BytesReference$MarkSupportingStreamInputWrapper@70f09b14; line: 1, column: 29]
	at com.fasterxml.jackson.core.base.ParserMinimalBase._reportInvalidEOF(ParserMinimalBase.java:483) ~[jackson-core-2.8.6.jar:2.8.6]
	at com.fasterxml.jackson.core.base.ParserMinimalBase._reportInvalidEOF(ParserMinimalBase.java:460) ~[jackson-core-2.8.6.jar:2.8.6]
	at com.fasterxml.jackson.core.json.UTF8StreamJsonParser._loadMoreGuaranteed(UTF8StreamJsonParser.java:2404) ~[jackson-core-2.8.6.jar:2.8.6]
	at com.fasterxml.jackson.core.json.UTF8StreamJsonParser._finishString2(UTF8StreamJsonParser.java:2489) ~[jackson-core-2.8.6.jar:2.8.6]
	at com.fasterxml.jackson.core.json.UTF8StreamJsonParser._finishAndReturnString(UTF8StreamJsonParser.java:2469) ~[jackson-core-2.8.6.jar:2.8.6]
	at com.fasterxml.jackson.core.json.UTF8StreamJsonParser.getText(UTF8StreamJsonParser.java:315) ~[jackson-core-2.8.6.jar:2.8.6]
	at org.elasticsearch.common.xcontent.json.JsonXContentParser.text(JsonXContentParser.java:86) ~[1/:?]
	at org.elasticsearch.index.mapper.DocumentParser.createBuilderFromDynamicValue(DocumentParser.java:684) ~[1/:?]
	at org.elasticsearch.index.mapper.DocumentParser.parseDynamicValue(DocumentParser.java:792) ~[1/:?]
	at org.elasticsearch.index.mapper.DocumentParser.parseValue(DocumentParser.java:583) ~[1/:?]
	at org.elasticsearch.index.mapper.DocumentParser.innerParseObject(DocumentParser.java:396) ~[1/:?]
	at org.elasticsearch.index.mapper.DocumentParser.parseObjectOrNested(DocumentParser.java:373) ~[1/:?]
	at org.elasticsearch.index.mapper.DocumentParser.internalParseDocument(DocumentParser.java:93) ~[1/:?]
	at org.elasticsearch.index.mapper.DocumentParser.parseDocument(DocumentParser.java:66) ~[1/:?]
	... 30 more
[2017-06-13T21:18:28,258][INFO ][o.e.c.m.MetaDataCreateIndexService] [0kHAj67] [index] creating index, cause [auto(bulk api)], templates [], shards [5]/[1], mappings []
[2017-06-13T21:18:29,640][DEBUG][o.e.a.b.TransportShardBulkAction] [0kHAj67] [index][0] failed to execute bulk item (index) BulkShardRequest [[index][0]] containing [index {[index][type][id2], source[{ "attribute" : "lxk"]}]
org.elasticsearch.index.mapper.MapperParsingException: failed to parse
	at org.elasticsearch.index.mapper.DocumentParser.wrapInMapperParsingException(DocumentParser.java:176) ~[1/:?]
	at org.elasticsearch.index.mapper.DocumentParser.parseDocument(DocumentParser.java:69) ~[1/:?]
	at org.elasticsearch.index.mapper.DocumentMapper.parse(DocumentMapper.java:277) ~[1/:?]
	at org.elasticsearch.index.shard.IndexShard.prepareIndex(IndexShard.java:536) ~[1/:?]
	at org.elasticsearch.index.shard.IndexShard.prepareIndexOnPrimary(IndexShard.java:513) ~[1/:?]
	at org.elasticsearch.action.bulk.TransportShardBulkAction.prepareIndexOperationOnPrimary(TransportShardBulkAction.java:450) ~[1/:?]
	at org.elasticsearch.action.bulk.TransportShardBulkAction.executeIndexRequestOnPrimary(TransportShardBulkAction.java:458) ~[1/:?]
	at org.elasticsearch.action.bulk.TransportShardBulkAction.executeBulkItemRequest(TransportShardBulkAction.java:143) [1/:?]
	at org.elasticsearch.action.bulk.TransportShardBulkAction.shardOperationOnPrimary(TransportShardBulkAction.java:113) [1/:?]
	at org.elasticsearch.action.bulk.TransportShardBulkAction.shardOperationOnPrimary(TransportShardBulkAction.java:1) [1/:?]
	at org.elasticsearch.action.support.replication.TransportReplicationAction$PrimaryShardReference.perform(TransportReplicationAction.java:939) [1/:?]
	at org.elasticsearch.action.support.replication.TransportReplicationAction$PrimaryShardReference.perform(TransportReplicationAction.java:1) [1/:?]
	at org.elasticsearch.action.support.replication.ReplicationOperation.execute(ReplicationOperation.java:113) [1/:?]
	at org.elasticsearch.action.support.replication.TransportReplicationAction$AsyncPrimaryAction.onResponse(TransportReplicationAction.java:322) [1/:?]
	at org.elasticsearch.action.support.replication.TransportReplicationAction$AsyncPrimaryAction.onResponse(TransportReplicationAction.java:1) [1/:?]
	at org.elasticsearch.action.support.replication.TransportReplicationAction$1.onResponse(TransportReplicationAction.java:888) [1/:?]
	at org.elasticsearch.action.support.replication.TransportReplicationAction$1.onResponse(TransportReplicationAction.java:1) [1/:?]
	at org.elasticsearch.index.shard.IndexShardOperationsLock.acquire(IndexShardOperationsLock.java:147) [1/:?]
	at org.elasticsearch.index.shard.IndexShard.acquirePrimaryOperationLock(IndexShard.java:1656) [1/:?]
	at org.elasticsearch.action.support.replication.TransportReplicationAction.acquirePrimaryShardReference(TransportReplicationAction.java:897) [1/:?]
	at org.elasticsearch.action.support.replication.TransportReplicationAction.access$4(TransportReplicationAction.java:870) [1/:?]
	at org.elasticsearch.action.support.replication.TransportReplicationAction$AsyncPrimaryAction.doRun(TransportReplicationAction.java:281) [1/:?]
	at org.elasticsearch.common.util.concurrent.AbstractRunnable.run(AbstractRunnable.java:37) [1/:?]
	at org.elasticsearch.action.support.replication.TransportReplicationAction$PrimaryOperationTransportHandler.messageReceived(TransportReplicationAction.java:260) [1/:?]
	at org.elasticsearch.action.support.replication.TransportReplicationAction$PrimaryOperationTransportHandler.messageReceived(TransportReplicationAction.java:1) [1/:?]
	at org.elasticsearch.transport.RequestHandlerRegistry.processMessageReceived(RequestHandlerRegistry.java:69) [1/:?]
	at org.elasticsearch.transport.TransportService$7.doRun(TransportService.java:627) [1/:?]
	at org.elasticsearch.common.util.concurrent.ThreadContext$ContextPreservingAbstractRunnable.doRun(ThreadContext.java:638) [1/:?]
	at org.elasticsearch.common.util.concurrent.AbstractRunnable.run(AbstractRunnable.java:37) [1/:?]
	at java.util.concurrent.ThreadPoolExecutor.runWorker(ThreadPoolExecutor.java:1142) [?:1.8.0_121]
	at java.util.concurrent.ThreadPoolExecutor$Worker.run(ThreadPoolExecutor.java:617) [?:1.8.0_121]
	at java.lang.Thread.run(Thread.java:745) [?:1.8.0_121]
Caused by: com.fasterxml.jackson.core.io.JsonEOFException: Unexpected end-of-input: expected close marker for Object (start marker at [Source: org.elasticsearch.common.bytes.BytesReference$MarkSupportingStreamInputWrapper@323667; line: 1, column: 1])
 at [Source: org.elasticsearch.common.bytes.BytesReference$MarkSupportingStreamInputWrapper@323667; line: 1, column: 43]
	at com.fasterxml.jackson.core.base.ParserMinimalBase._reportInvalidEOF(ParserMinimalBase.java:483) ~[jackson-core-2.8.6.jar:2.8.6]
	at com.fasterxml.jackson.core.base.ParserBase._handleEOF(ParserBase.java:535) ~[jackson-core-2.8.6.jar:2.8.6]
	at com.fasterxml.jackson.core.base.ParserBase._eofAsNextChar(ParserBase.java:547) ~[jackson-core-2.8.6.jar:2.8.6]
	at com.fasterxml.jackson.core.json.UTF8StreamJsonParser._skipWSOrEnd(UTF8StreamJsonParser.java:2931) ~[jackson-core-2.8.6.jar:2.8.6]
	at com.fasterxml.jackson.core.json.UTF8StreamJsonParser.nextToken(UTF8StreamJsonParser.java:731) ~[jackson-core-2.8.6.jar:2.8.6]
	at org.elasticsearch.common.xcontent.json.JsonXContentParser.nextToken(JsonXContentParser.java:55) ~[1/:?]
	at org.elasticsearch.index.mapper.DocumentParser.innerParseObject(DocumentParser.java:398) ~[1/:?]
	at org.elasticsearch.index.mapper.DocumentParser.parseObjectOrNested(DocumentParser.java:373) ~[1/:?]
	at org.elasticsearch.index.mapper.DocumentParser.internalParseDocument(DocumentParser.java:93) ~[1/:?]
	at org.elasticsearch.index.mapper.DocumentParser.parseDocument(DocumentParser.java:66) ~[1/:?]
	... 30 more
[2017-06-13T21:18:49,845][INFO ][o.e.c.m.MetaDataMappingService] [0kHAj67] [index/UYuv0vF1R8CnQaUwBjbZfg] create_mapping [type]
